<?xml version="1.0" encoding="UTF-8"?>
<!-- Generated by org.testng.reporters.JUnitReportReporter -->
<testsuite hostname="Win-10-Pro" name="test.DropDownTest" tests="1" failures="0" timestamp="30 Jul 2021 02:53:15 GMT" time="3.681" errors="0">
  <testcase name="DropDown" time="3.681" classname="test.DropDownTest"/>
</testsuite> <!-- test.DropDownTest -->
